<?xml version="1.0" encoding="UTF-8"?>
<!-- Generated by org.testng.reporters.JUnitReportReporter -->
<testsuite skipped="0" hostname="BLRLW8335" name="com.crm.qa.testcases.ContactPageTest" tests="1" failures="0" timestamp="2020-01-09T09:31:41 IST" time="138.268" errors="0">
  <testcase name="verifyContactLabelTest" time="138.268" classname="com.crm.qa.testcases.ContactPageTest"/>
  <system-out/>
</testsuite> <!-- com.crm.qa.testcases.ContactPageTest -->
