<?xml version="1.0" encoding="UTF-8"?>
<!-- Generated by org.testng.reporters.JUnitReportReporter -->
<testsuite skipped="0" hostname="BLRLW8335" name="com.crm.qa.testcases.LoginPageTest" tests="3" failures="0" timestamp="2020-01-07T14:08:13 IST" time="33.739" errors="0">
  <testcase name="titleTest" time="10.469" classname="com.crm.qa.testcases.LoginPageTest"/>
  <system-out/>
  <testcase name="notificationTest" time="13.343" classname="com.crm.qa.testcases.LoginPageTest"/>
  <system-out/>
  <testcase name="loginTest" time="9.927" classname="com.crm.qa.testcases.LoginPageTest"/>
  <system-out/>
</testsuite> <!-- com.crm.qa.testcases.LoginPageTest -->
