<?xml version="1.0" encoding="UTF-8"?>
<!-- Generated by org.testng.reporters.JUnitReportReporter -->
<testsuite skipped="0" hostname="BLRLW8335" name="com.crm.qa.testcases.LoginPageTest" tests="3" failures="0" timestamp="2020-01-08T09:38:29 IST" time="33.358" errors="0">
  <testcase name="titleTest" time="9.491" classname="com.crm.qa.testcases.LoginPageTest"/>
  <system-out/>
  <testcase name="notificationTest" time="10.569" classname="com.crm.qa.testcases.LoginPageTest"/>
  <system-out/>
  <testcase name="loginTest" time="13.298" classname="com.crm.qa.testcases.LoginPageTest"/>
  <system-out/>
</testsuite> <!-- com.crm.qa.testcases.LoginPageTest -->
